<?xml version="1.0" encoding="UTF-8"?>
<testng-results skipped="0" failed="0" total="6" passed="6">
  <reporter-output>
  </reporter-output>
  <suite name="Default suite" duration-ms="73" started-at="2016-02-12T20:17:41Z" finished-at="2016-02-12T20:17:41Z">
    <groups>
    </groups>
    <test name="Default test" duration-ms="73" started-at="2016-02-12T20:17:41Z" finished-at="2016-02-12T20:17:41Z">
      <class name="com.prog.prac.test.ArmstrongNumberTest">
        <test-method status="PASS" signature="TestCase1(int, boolean)[pri:0, instance:com.prog.prac.test.ArmstrongNumberTest@64c64813]" name="TestCase1" duration-ms="38" started-at="2016-02-12T12:17:41Z" data-provider="ArmstrongData" finished-at="2016-02-12T12:17:41Z">
          <params>
            <param index="0">
              <value>
                <![CDATA[153]]>
              </value>
            </param>
            <param index="1">
              <value>
                <![CDATA[true]]>
              </value>
            </param>
          </params>
          <reporter-output>
          </reporter-output>
        </test-method> <!-- TestCase1 -->
        <test-method status="PASS" signature="TestCase1(int, boolean)[pri:0, instance:com.prog.prac.test.ArmstrongNumberTest@64c64813]" name="TestCase1" duration-ms="1" started-at="2016-02-12T12:17:41Z" data-provider="ArmstrongData" finished-at="2016-02-12T12:17:41Z">
          <params>
            <param index="0">
              <value>
                <![CDATA[370]]>
              </value>
            </param>
            <param index="1">
              <value>
                <![CDATA[true]]>
              </value>
            </param>
          </params>
          <reporter-output>
          </reporter-output>
        </test-method> <!-- TestCase1 -->
        <test-method status="PASS" signature="TestCase1(int, boolean)[pri:0, instance:com.prog.prac.test.ArmstrongNumberTest@64c64813]" name="TestCase1" duration-ms="0" started-at="2016-02-12T12:17:41Z" data-provider="ArmstrongData" finished-at="2016-02-12T12:17:41Z">
          <params>
            <param index="0">
              <value>
                <![CDATA[371]]>
              </value>
            </param>
            <param index="1">
              <value>
                <![CDATA[true]]>
              </value>
            </param>
          </params>
          <reporter-output>
          </reporter-output>
        </test-method> <!-- TestCase1 -->
        <test-method status="PASS" signature="TestCase1(int, boolean)[pri:0, instance:com.prog.prac.test.ArmstrongNumberTest@64c64813]" name="TestCase1" duration-ms="1" started-at="2016-02-12T12:17:41Z" data-provider="ArmstrongData" finished-at="2016-02-12T12:17:41Z">
          <params>
            <param index="0">
              <value>
                <![CDATA[407]]>
              </value>
            </param>
            <param index="1">
              <value>
                <![CDATA[true]]>
              </value>
            </param>
          </params>
          <reporter-output>
          </reporter-output>
        </test-method> <!-- TestCase1 -->
        <test-method status="PASS" signature="TestCase1(int, boolean)[pri:0, instance:com.prog.prac.test.ArmstrongNumberTest@64c64813]" name="TestCase1" duration-ms="1" started-at="2016-02-12T12:17:41Z" data-provider="ArmstrongData" finished-at="2016-02-12T12:17:41Z">
          <params>
            <param index="0">
              <value>
                <![CDATA[10]]>
              </value>
            </param>
            <param index="1">
              <value>
                <![CDATA[false]]>
              </value>
            </param>
          </params>
          <reporter-output>
          </reporter-output>
        </test-method> <!-- TestCase1 -->
        <test-method status="PASS" signature="TestCase1(int, boolean)[pri:0, instance:com.prog.prac.test.ArmstrongNumberTest@64c64813]" name="TestCase1" duration-ms="1" started-at="2016-02-12T12:17:41Z" data-provider="ArmstrongData" finished-at="2016-02-12T12:17:41Z">
          <params>
            <param index="0">
              <value>
                <![CDATA[1000]]>
              </value>
            </param>
            <param index="1">
              <value>
                <![CDATA[false]]>
              </value>
            </param>
          </params>
          <reporter-output>
          </reporter-output>
        </test-method> <!-- TestCase1 -->
      </class> <!-- com.prog.prac.test.ArmstrongNumberTest -->
    </test> <!-- Default test -->
  </suite> <!-- Default suite -->
</testng-results>
