<?xml version="1.0" encoding="UTF-8"?>
<!-- Generated by org.testng.reporters.JUnitXMLReporter -->
<testsuite hostname="sundeep-singamsettys-MacBook-Pro.local" name="Smoke Test" tests="56" failures="0" timestamp="1 Oct 2015 06:48:13 GMT" time="0.163" errors="0">
  <testcase name="TestCase1" time="0.008" classname="com.prog.prac.test.FibbonacciSeriesTest"/>
  <testcase name="TestCase1" time="0.001" classname="com.prog.prac.test.FibbonacciSeriesTest"/>
  <testcase name="TestCase1" time="0.002" classname="com.prog.prac.test.FibbonacciSeriesTest"/>
  <testcase name="TestCase1" time="0.001" classname="com.prog.prac.test.FibbonacciSeriesTest"/>
  <testcase name="TestCase2" time="0.002" classname="com.prog.prac.test.FibbonacciSeriesTest"/>
  <testcase name="TestCase1" time="0.001" classname="com.prog.prac.test.PingPongTest"/>
  <testcase name="TestCase1" time="0.001" classname="com.prog.prac.test.PingPongTest"/>
  <testcase name="TestCase1" time="0.002" classname="com.prog.prac.test.PingPongTest"/>
  <testcase name="TestCase1" time="0.001" classname="com.prog.prac.test.PingPongTest"/>
  <testcase name="TestCase1" time="0.001" classname="com.prog.prac.test.PingPongTest"/>
  <testcase name="TestCase1" time="0.0" classname="com.prog.prac.test.PingPongTest"/>
  <testcase name="TestCase1" time="0.002" classname="com.prog.prac.test.PingPongTest"/>
  <testcase name="TestCase1" time="0.002" classname="com.prog.prac.test.NumberSwapTest"/>
  <testcase name="TestCase1" time="0.001" classname="com.prog.prac.test.NumberSwapTest"/>
  <testcase name="TestCase1" time="0.001" classname="com.prog.prac.test.NumberSwapTest"/>
  <testcase name="TestCase1" time="0.001" classname="com.prog.prac.test.NumberSwapTest"/>
  <testcase name="TestCase1" time="0.001" classname="com.prog.prac.test.NumberSwapTest"/>
  <testcase name="TestCase1" time="0.001" classname="com.prog.prac.test.NumberSwapTest"/>
  <testcase name="TestCase1" time="0.001" classname="com.prog.prac.test.NumberSwapTest"/>
  <testcase name="TestCase1" time="0.0" classname="com.prog.prac.test.NumberSwapTest"/>
  <testcase name="TestCase2" time="0.001" classname="com.prog.prac.test.NumberSwapTest"/>
  <testcase name="TestCase2" time="0.002" classname="com.prog.prac.test.NumberSwapTest"/>
  <testcase name="TestCase2" time="0.0" classname="com.prog.prac.test.NumberSwapTest"/>
  <testcase name="TestCase2" time="0.001" classname="com.prog.prac.test.NumberSwapTest"/>
  <testcase name="TestCase2" time="0.001" classname="com.prog.prac.test.NumberSwapTest"/>
  <testcase name="TestCase2" time="0.001" classname="com.prog.prac.test.NumberSwapTest"/>
  <testcase name="TestCase2" time="0.0" classname="com.prog.prac.test.NumberSwapTest"/>
  <testcase name="TestCase2" time="0.001" classname="com.prog.prac.test.NumberSwapTest"/>
  <testcase name="TestCase1" time="0.001" classname="com.prog.prac.test.FactorialTest"/>
  <testcase name="TestCase1" time="0.0" classname="com.prog.prac.test.FactorialTest"/>
  <testcase name="TestCase1" time="0.001" classname="com.prog.prac.test.FactorialTest"/>
  <testcase name="TestCase1" time="0.001" classname="com.prog.prac.test.FactorialTest"/>
  <testcase name="TestCase1" time="0.0" classname="com.prog.prac.test.FactorialTest"/>
  <testcase name="TestCase2" time="0.001" classname="com.prog.prac.test.FactorialTest"/>
  <testcase name="TestCase1" time="0.001" classname="com.prog.prac.test.PrimeOrNotTest"/>
  <testcase name="TestCase1" time="0.003" classname="com.prog.prac.test.PrimeOrNotTest"/>
  <testcase name="TestCase1" time="0.0" classname="com.prog.prac.test.PrimeOrNotTest"/>
  <testcase name="TestCase1" time="0.0" classname="com.prog.prac.test.PrimeOrNotTest"/>
  <testcase name="TestCase1" time="0.001" classname="com.prog.prac.test.PrimeOrNotTest"/>
  <testcase name="TestCase1" time="0.001" classname="com.prog.prac.test.PrimeOrNotTest"/>
  <testcase name="TestCase1" time="0.001" classname="com.prog.prac.test.PrimeOrNotTest"/>
  <testcase name="TestCase1" time="0.0" classname="com.prog.prac.test.PrimeOrNotTest"/>
  <testcase name="TestCase1" time="0.001" classname="com.prog.prac.test.ArmstrongNumberTest"/>
  <testcase name="TestCase1" time="0.001" classname="com.prog.prac.test.ArmstrongNumberTest"/>
  <testcase name="TestCase1" time="0.001" classname="com.prog.prac.test.ArmstrongNumberTest"/>
  <testcase name="TestCase1" time="0.0" classname="com.prog.prac.test.ArmstrongNumberTest"/>
  <testcase name="TestCase1" time="0.0" classname="com.prog.prac.test.ArmstrongNumberTest"/>
  <testcase name="TestCase1" time="0.0" classname="com.prog.prac.test.ArmstrongNumberTest"/>
  <testcase name="TesCase1" time="0.001" classname="com.prog.prac.test.ArrayLargestNumTest"/>
  <testcase name="TesCase2" time="0.001" classname="com.prog.prac.test.ArrayLargestNumTest"/>
  <testcase name="TesCase3" time="0.0" classname="com.prog.prac.test.ArrayLargestNumTest"/>
  <testcase name="TesCase4" time="0.001" classname="com.prog.prac.test.ArrayLargestNumTest"/>
  <testcase name="TesCase5" time="0.001" classname="com.prog.prac.test.ArrayLargestNumTest"/>
  <testcase name="TesCase6" time="0.0" classname="com.prog.prac.test.ArrayLargestNumTest"/>
  <testcase name="TesCase7" time="0.001" classname="com.prog.prac.test.ArrayLargestNumTest"/>
  <testcase name="TesCase8" time="0.001" classname="com.prog.prac.test.ArrayLargestNumTest"/>
</testsuite> <!-- Smoke Test -->
